Analysis & Synthesis report for vectorial_asip
Fri May 12 13:42:36 2023
Quartus Prime Version 19.1.0 Build 670 09/22/2019 SJ Lite Edition


---------------------
; Table of Contents ;
---------------------
  1. Legal Notice
  2. Analysis & Synthesis Summary
  3. Analysis & Synthesis Settings
  4. Parallel Compilation
  5. Analysis & Synthesis Source Files Read
  6. Analysis & Synthesis Resource Usage Summary
  7. Analysis & Synthesis Resource Utilization by Entity
  8. General Register Statistics
  9. Multiplexer Restructuring Statistics (Restructuring Performed)
 10. Parameter Settings for User Entity Instance: Top-level Entity: |scalarRegisterFile
 11. Parameter Settings for User Entity Instance: logic_decoder:comb_3
 12. Parameter Settings for User Entity Instance: register:REGISTER_BLOCK[0].r
 13. Parameter Settings for User Entity Instance: register:REGISTER_BLOCK[1].r
 14. Parameter Settings for User Entity Instance: register:REGISTER_BLOCK[2].r
 15. Parameter Settings for User Entity Instance: register:REGISTER_BLOCK[3].r
 16. Parameter Settings for User Entity Instance: register:REGISTER_BLOCK[4].r
 17. Parameter Settings for User Entity Instance: register:REGISTER_BLOCK[5].r
 18. Parameter Settings for User Entity Instance: register:REGISTER_BLOCK[6].r
 19. Parameter Settings for User Entity Instance: register:REGISTER_BLOCK[7].r
 20. Port Connectivity Checks: "register:REGISTER_BLOCK[7].r"
 21. Port Connectivity Checks: "register:REGISTER_BLOCK[6].r"
 22. Port Connectivity Checks: "register:REGISTER_BLOCK[5].r"
 23. Port Connectivity Checks: "register:REGISTER_BLOCK[4].r"
 24. Port Connectivity Checks: "register:REGISTER_BLOCK[3].r"
 25. Port Connectivity Checks: "register:REGISTER_BLOCK[2].r"
 26. Port Connectivity Checks: "register:REGISTER_BLOCK[1].r"
 27. Port Connectivity Checks: "register:REGISTER_BLOCK[0].r"
 28. Port Connectivity Checks: "logic_decoder:comb_3"
 29. Post-Synthesis Netlist Statistics for Top Partition
 30. Elapsed Time Per Partition
 31. Analysis & Synthesis Messages



----------------
; Legal Notice ;
----------------
Copyright (C) 2019  Intel Corporation. All rights reserved.
Your use of Intel Corporation's design tools, logic functions 
and other software and tools, and any partner logic 
functions, and any output files from any of the foregoing 
(including device programming or simulation files), and any 
associated documentation or information are expressly subject 
to the terms and conditions of the Intel Program License 
Subscription Agreement, the Intel Quartus Prime License Agreement,
the Intel FPGA IP License Agreement, or other applicable license
agreement, including, without limitation, that your use is for
the sole purpose of programming logic devices manufactured by
Intel and sold by Intel or its authorized distributors.  Please
refer to the applicable agreement for further details, at
https://fpgasoftware.intel.com/eula.



+-------------------------------------------------------------------------------+
; Analysis & Synthesis Summary                                                  ;
+---------------------------------+---------------------------------------------+
; Analysis & Synthesis Status     ; Successful - Fri May 12 13:42:36 2023       ;
; Quartus Prime Version           ; 19.1.0 Build 670 09/22/2019 SJ Lite Edition ;
; Revision Name                   ; vectorial_asip                              ;
; Top-level Entity Name           ; scalarRegisterFile                          ;
; Family                          ; Cyclone V                                   ;
; Logic utilization (in ALMs)     ; N/A                                         ;
; Total registers                 ; 64                                          ;
; Total pins                      ; 39                                          ;
; Total virtual pins              ; 0                                           ;
; Total block memory bits         ; 0                                           ;
; Total DSP Blocks                ; 0                                           ;
; Total HSSI RX PCSs              ; 0                                           ;
; Total HSSI PMA RX Deserializers ; 0                                           ;
; Total HSSI TX PCSs              ; 0                                           ;
; Total HSSI PMA TX Serializers   ; 0                                           ;
; Total PLLs                      ; 0                                           ;
; Total DLLs                      ; 0                                           ;
+---------------------------------+---------------------------------------------+


+---------------------------------------------------------------------------------------------------------------------------+
; Analysis & Synthesis Settings                                                                                             ;
+---------------------------------------------------------------------------------+--------------------+--------------------+
; Option                                                                          ; Setting            ; Default Value      ;
+---------------------------------------------------------------------------------+--------------------+--------------------+
; Device                                                                          ; 5CGXFC7C7F23C8     ;                    ;
; Top-level entity name                                                           ; scalarRegisterFile ; vectorial_asip     ;
; Family name                                                                     ; Cyclone V          ; Cyclone V          ;
; Use smart compilation                                                           ; Off                ; Off                ;
; Enable parallel Assembler and Timing Analyzer during compilation                ; On                 ; On                 ;
; Enable compact report table                                                     ; Off                ; Off                ;
; Restructure Multiplexers                                                        ; Auto               ; Auto               ;
; MLAB Add Timing Constraints For Mixed-Port Feed-Through Mode Setting Don't Care ; Off                ; Off                ;
; Create Debugging Nodes for IP Cores                                             ; Off                ; Off                ;
; Preserve fewer node names                                                       ; On                 ; On                 ;
; Intel FPGA IP Evaluation Mode                                                   ; Enable             ; Enable             ;
; Verilog Version                                                                 ; Verilog_2001       ; Verilog_2001       ;
; VHDL Version                                                                    ; VHDL_1993          ; VHDL_1993          ;
; State Machine Processing                                                        ; Auto               ; Auto               ;
; Safe State Machine                                                              ; Off                ; Off                ;
; Extract Verilog State Machines                                                  ; On                 ; On                 ;
; Extract VHDL State Machines                                                     ; On                 ; On                 ;
; Ignore Verilog initial constructs                                               ; Off                ; Off                ;
; Iteration limit for constant Verilog loops                                      ; 5000               ; 5000               ;
; Iteration limit for non-constant Verilog loops                                  ; 250                ; 250                ;
; Add Pass-Through Logic to Inferred RAMs                                         ; On                 ; On                 ;
; Infer RAMs from Raw Logic                                                       ; On                 ; On                 ;
; Parallel Synthesis                                                              ; On                 ; On                 ;
; DSP Block Balancing                                                             ; Auto               ; Auto               ;
; NOT Gate Push-Back                                                              ; On                 ; On                 ;
; Power-Up Don't Care                                                             ; On                 ; On                 ;
; Remove Redundant Logic Cells                                                    ; Off                ; Off                ;
; Remove Duplicate Registers                                                      ; On                 ; On                 ;
; Ignore CARRY Buffers                                                            ; Off                ; Off                ;
; Ignore CASCADE Buffers                                                          ; Off                ; Off                ;
; Ignore GLOBAL Buffers                                                           ; Off                ; Off                ;
; Ignore ROW GLOBAL Buffers                                                       ; Off                ; Off                ;
; Ignore LCELL Buffers                                                            ; Off                ; Off                ;
; Ignore SOFT Buffers                                                             ; On                 ; On                 ;
; Limit AHDL Integers to 32 Bits                                                  ; Off                ; Off                ;
; Optimization Technique                                                          ; Balanced           ; Balanced           ;
; Carry Chain Length                                                              ; 70                 ; 70                 ;
; Auto Carry Chains                                                               ; On                 ; On                 ;
; Auto Open-Drain Pins                                                            ; On                 ; On                 ;
; Perform WYSIWYG Primitive Resynthesis                                           ; Off                ; Off                ;
; Auto ROM Replacement                                                            ; On                 ; On                 ;
; Auto RAM Replacement                                                            ; On                 ; On                 ;
; Auto DSP Block Replacement                                                      ; On                 ; On                 ;
; Auto Shift Register Replacement                                                 ; Auto               ; Auto               ;
; Allow Shift Register Merging across Hierarchies                                 ; Auto               ; Auto               ;
; Auto Clock Enable Replacement                                                   ; On                 ; On                 ;
; Strict RAM Replacement                                                          ; Off                ; Off                ;
; Allow Synchronous Control Signals                                               ; On                 ; On                 ;
; Force Use of Synchronous Clear Signals                                          ; Off                ; Off                ;
; Auto Resource Sharing                                                           ; Off                ; Off                ;
; Allow Any RAM Size For Recognition                                              ; Off                ; Off                ;
; Allow Any ROM Size For Recognition                                              ; Off                ; Off                ;
; Allow Any Shift Register Size For Recognition                                   ; Off                ; Off                ;
; Use LogicLock Constraints during Resource Balancing                             ; On                 ; On                 ;
; Ignore translate_off and synthesis_off directives                               ; Off                ; Off                ;
; Timing-Driven Synthesis                                                         ; On                 ; On                 ;
; Report Parameter Settings                                                       ; On                 ; On                 ;
; Report Source Assignments                                                       ; On                 ; On                 ;
; Report Connectivity Checks                                                      ; On                 ; On                 ;
; Ignore Maximum Fan-Out Assignments                                              ; Off                ; Off                ;
; Synchronization Register Chain Length                                           ; 3                  ; 3                  ;
; Power Optimization During Synthesis                                             ; Normal compilation ; Normal compilation ;
; HDL message level                                                               ; Level2             ; Level2             ;
; Suppress Register Optimization Related Messages                                 ; Off                ; Off                ;
; Number of Removed Registers Reported in Synthesis Report                        ; 5000               ; 5000               ;
; Number of Swept Nodes Reported in Synthesis Report                              ; 5000               ; 5000               ;
; Number of Inverted Registers Reported in Synthesis Report                       ; 100                ; 100                ;
; Clock MUX Protection                                                            ; On                 ; On                 ;
; Auto Gated Clock Conversion                                                     ; Off                ; Off                ;
; Block Design Naming                                                             ; Auto               ; Auto               ;
; SDC constraint protection                                                       ; Off                ; Off                ;
; Synthesis Effort                                                                ; Auto               ; Auto               ;
; Shift Register Replacement - Allow Asynchronous Clear Signal                    ; On                 ; On                 ;
; Pre-Mapping Resynthesis Optimization                                            ; Off                ; Off                ;
; Analysis & Synthesis Message Level                                              ; Medium             ; Medium             ;
; Disable Register Merging Across Hierarchies                                     ; Auto               ; Auto               ;
; Resource Aware Inference For Block RAM                                          ; On                 ; On                 ;
; Automatic Parallel Synthesis                                                    ; On                 ; On                 ;
; Partial Reconfiguration Bitstream ID                                            ; Off                ; Off                ;
+---------------------------------------------------------------------------------+--------------------+--------------------+


+------------------------------------------+
; Parallel Compilation                     ;
+----------------------------+-------------+
; Processors                 ; Number      ;
+----------------------------+-------------+
; Number detected on machine ; 8           ;
; Maximum allowed            ; 4           ;
;                            ;             ;
; Average used               ; 1.00        ;
; Maximum used               ; 1           ;
;                            ;             ;
; Usage by Processor         ; % Time Used ;
;     Processor 1            ; 100.0%      ;
+----------------------------+-------------+


+--------------------------------------------------------------------------------------------------------------------------------------------------------------------------------------------------------------------------------------------------------------------+
; Analysis & Synthesis Source Files Read                                                                                                                                                                                                                             ;
+--------------------------------------------+-----------------+------------------------------+------------------------------------------------------------------------------------------------------------------------------------------------------------+---------+
; File Name with User-Entered Path           ; Used in Netlist ; File Type                    ; File Name with Absolute Path                                                                                                                               ; Library ;
+--------------------------------------------+-----------------+------------------------------+------------------------------------------------------------------------------------------------------------------------------------------------------------+---------+
; decoder/registerFile/scalarRegisterFile.sv ; yes             ; User SystemVerilog HDL File  ; C:/Users/kazeledo/Documentos/Universidad/IS2022/arqui/proyectos/arqui/computer_architecture_vectorial_asip/ASIP/decoder/registerFile/scalarRegisterFile.sv ;         ;
; common/register.sv                         ; yes             ; User SystemVerilog HDL File  ; C:/Users/kazeledo/Documentos/Universidad/IS2022/arqui/proyectos/arqui/computer_architecture_vectorial_asip/ASIP/common/register.sv                         ;         ;
; common/decoder.sv                          ; yes             ; User SystemVerilog HDL File  ; C:/Users/kazeledo/Documentos/Universidad/IS2022/arqui/proyectos/arqui/computer_architecture_vectorial_asip/ASIP/common/decoder.sv                          ;         ;
+--------------------------------------------+-----------------+------------------------------+------------------------------------------------------------------------------------------------------------------------------------------------------------+---------+


+-----------------------------------------------------------+
; Analysis & Synthesis Resource Usage Summary               ;
+---------------------------------------------+-------------+
; Resource                                    ; Usage       ;
+---------------------------------------------+-------------+
; Estimate of Logic utilization (ALMs needed) ; 63          ;
;                                             ;             ;
; Combinational ALUT usage for logic          ; 56          ;
;     -- 7 input functions                    ; 16          ;
;     -- 6 input functions                    ; 16          ;
;     -- 5 input functions                    ; 8           ;
;     -- 4 input functions                    ; 16          ;
;     -- <=3 input functions                  ; 0           ;
;                                             ;             ;
; Dedicated logic registers                   ; 64          ;
;                                             ;             ;
; I/O pins                                    ; 39          ;
;                                             ;             ;
; Total DSP Blocks                            ; 0           ;
;                                             ;             ;
; Maximum fan-out node                        ; reset~input ;
; Maximum fan-out                             ; 64          ;
; Total fan-out                               ; 559         ;
; Average fan-out                             ; 2.82        ;
+---------------------------------------------+-------------+


+-----------------------------------------------------------------------------------------------------------------------------------------------------------------------------------------------------------------------------------+
; Analysis & Synthesis Resource Utilization by Entity                                                                                                                                                                               ;
+-----------------------------------+---------------------+---------------------------+-------------------+------------+------+--------------+--------------------------------------------------+--------------------+--------------+
; Compilation Hierarchy Node        ; Combinational ALUTs ; Dedicated Logic Registers ; Block Memory Bits ; DSP Blocks ; Pins ; Virtual Pins ; Full Hierarchy Name                              ; Entity Name        ; Library Name ;
+-----------------------------------+---------------------+---------------------------+-------------------+------------+------+--------------+--------------------------------------------------+--------------------+--------------+
; |scalarRegisterFile               ; 56 (56)             ; 64 (0)                    ; 0                 ; 0          ; 39   ; 0            ; |scalarRegisterFile                              ; scalarRegisterFile ; work         ;
;    |register:REGISTER_BLOCK[0].r| ; 0 (0)               ; 8 (8)                     ; 0                 ; 0          ; 0    ; 0            ; |scalarRegisterFile|register:REGISTER_BLOCK[0].r ; register           ; work         ;
;    |register:REGISTER_BLOCK[1].r| ; 0 (0)               ; 8 (8)                     ; 0                 ; 0          ; 0    ; 0            ; |scalarRegisterFile|register:REGISTER_BLOCK[1].r ; register           ; work         ;
;    |register:REGISTER_BLOCK[2].r| ; 0 (0)               ; 8 (8)                     ; 0                 ; 0          ; 0    ; 0            ; |scalarRegisterFile|register:REGISTER_BLOCK[2].r ; register           ; work         ;
;    |register:REGISTER_BLOCK[3].r| ; 0 (0)               ; 8 (8)                     ; 0                 ; 0          ; 0    ; 0            ; |scalarRegisterFile|register:REGISTER_BLOCK[3].r ; register           ; work         ;
;    |register:REGISTER_BLOCK[4].r| ; 0 (0)               ; 8 (8)                     ; 0                 ; 0          ; 0    ; 0            ; |scalarRegisterFile|register:REGISTER_BLOCK[4].r ; register           ; work         ;
;    |register:REGISTER_BLOCK[5].r| ; 0 (0)               ; 8 (8)                     ; 0                 ; 0          ; 0    ; 0            ; |scalarRegisterFile|register:REGISTER_BLOCK[5].r ; register           ; work         ;
;    |register:REGISTER_BLOCK[6].r| ; 0 (0)               ; 8 (8)                     ; 0                 ; 0          ; 0    ; 0            ; |scalarRegisterFile|register:REGISTER_BLOCK[6].r ; register           ; work         ;
;    |register:REGISTER_BLOCK[7].r| ; 0 (0)               ; 8 (8)                     ; 0                 ; 0          ; 0    ; 0            ; |scalarRegisterFile|register:REGISTER_BLOCK[7].r ; register           ; work         ;
+-----------------------------------+---------------------+---------------------------+-------------------+------------+------+--------------+--------------------------------------------------+--------------------+--------------+
Note: For table entries with two numbers listed, the numbers in parentheses indicate the number of resources of the given type used by the specific entity alone. The numbers listed outside of parentheses indicate the total resources of the given type used by the specific entity and all of its sub-entities in the hierarchy.


+------------------------------------------------------+
; General Register Statistics                          ;
+----------------------------------------------+-------+
; Statistic                                    ; Value ;
+----------------------------------------------+-------+
; Total registers                              ; 64    ;
; Number of registers using Synchronous Clear  ; 0     ;
; Number of registers using Synchronous Load   ; 0     ;
; Number of registers using Asynchronous Clear ; 64    ;
; Number of registers using Asynchronous Load  ; 0     ;
; Number of registers using Clock Enable       ; 0     ;
; Number of registers using Preset             ; 0     ;
+----------------------------------------------+-------+


+------------------------------------------------------------------------------------------------------------------------------------------+
; Multiplexer Restructuring Statistics (Restructuring Performed)                                                                           ;
+--------------------+-----------+---------------+----------------------+------------------------+------------+----------------------------+
; Multiplexer Inputs ; Bus Width ; Baseline Area ; Area if Restructured ; Saving if Restructured ; Registered ; Example Multiplexer Output ;
+--------------------+-----------+---------------+----------------------+------------------------+------------+----------------------------+
; 8:1                ; 8 bits    ; 40 LEs        ; 40 LEs               ; 0 LEs                  ; No         ; |scalarRegisterFile|Mux7   ;
; 8:1                ; 8 bits    ; 40 LEs        ; 40 LEs               ; 0 LEs                  ; No         ; |scalarRegisterFile|Mux15  ;
+--------------------+-----------+---------------+----------------------+------------------------+------------+----------------------------+


+------------------------------------------------------------------------------------+
; Parameter Settings for User Entity Instance: Top-level Entity: |scalarRegisterFile ;
+------------------+-------+---------------------------------------------------------+
; Parameter Name   ; Value ; Type                                                    ;
+------------------+-------+---------------------------------------------------------+
; registerSize     ; 8     ; Signed Integer                                          ;
; registerQuantity ; 8     ; Signed Integer                                          ;
+------------------+-------+---------------------------------------------------------+
Note: In order to hide this table in the UI and the text report file, please set the "Show Parameter Settings in Synthesis Report" option in "Analysis and Synthesis Settings -> More Settings" to "Off".


+-------------------------------------------------------------------+
; Parameter Settings for User Entity Instance: logic_decoder:comb_3 ;
+----------------+-------+------------------------------------------+
; Parameter Name ; Value ; Type                                     ;
+----------------+-------+------------------------------------------+
; in             ; 3     ; Signed Integer                           ;
; out            ; 8     ; Signed Integer                           ;
+----------------+-------+------------------------------------------+
Note: In order to hide this table in the UI and the text report file, please set the "Show Parameter Settings in Synthesis Report" option in "Analysis and Synthesis Settings -> More Settings" to "Off".


+---------------------------------------------------------------------------+
; Parameter Settings for User Entity Instance: register:REGISTER_BLOCK[0].r ;
+----------------+-------+--------------------------------------------------+
; Parameter Name ; Value ; Type                                             ;
+----------------+-------+--------------------------------------------------+
; N              ; 8     ; Signed Integer                                   ;
+----------------+-------+--------------------------------------------------+
Note: In order to hide this table in the UI and the text report file, please set the "Show Parameter Settings in Synthesis Report" option in "Analysis and Synthesis Settings -> More Settings" to "Off".


+---------------------------------------------------------------------------+
; Parameter Settings for User Entity Instance: register:REGISTER_BLOCK[1].r ;
+----------------+-------+--------------------------------------------------+
; Parameter Name ; Value ; Type                                             ;
+----------------+-------+--------------------------------------------------+
; N              ; 8     ; Signed Integer                                   ;
+----------------+-------+--------------------------------------------------+
Note: In order to hide this table in the UI and the text report file, please set the "Show Parameter Settings in Synthesis Report" option in "Analysis and Synthesis Settings -> More Settings" to "Off".


+---------------------------------------------------------------------------+
; Parameter Settings for User Entity Instance: register:REGISTER_BLOCK[2].r ;
+----------------+-------+--------------------------------------------------+
; Parameter Name ; Value ; Type                                             ;
+----------------+-------+--------------------------------------------------+
; N              ; 8     ; Signed Integer                                   ;
+----------------+-------+--------------------------------------------------+
Note: In order to hide this table in the UI and the text report file, please set the "Show Parameter Settings in Synthesis Report" option in "Analysis and Synthesis Settings -> More Settings" to "Off".


+---------------------------------------------------------------------------+
; Parameter Settings for User Entity Instance: register:REGISTER_BLOCK[3].r ;
+----------------+-------+--------------------------------------------------+
; Parameter Name ; Value ; Type                                             ;
+----------------+-------+--------------------------------------------------+
; N              ; 8     ; Signed Integer                                   ;
+----------------+-------+--------------------------------------------------+
Note: In order to hide this table in the UI and the text report file, please set the "Show Parameter Settings in Synthesis Report" option in "Analysis and Synthesis Settings -> More Settings" to "Off".


+---------------------------------------------------------------------------+
; Parameter Settings for User Entity Instance: register:REGISTER_BLOCK[4].r ;
+----------------+-------+--------------------------------------------------+
; Parameter Name ; Value ; Type                                             ;
+----------------+-------+--------------------------------------------------+
; N              ; 8     ; Signed Integer                                   ;
+----------------+-------+--------------------------------------------------+
Note: In order to hide this table in the UI and the text report file, please set the "Show Parameter Settings in Synthesis Report" option in "Analysis and Synthesis Settings -> More Settings" to "Off".


+---------------------------------------------------------------------------+
; Parameter Settings for User Entity Instance: register:REGISTER_BLOCK[5].r ;
+----------------+-------+--------------------------------------------------+
; Parameter Name ; Value ; Type                                             ;
+----------------+-------+--------------------------------------------------+
; N              ; 8     ; Signed Integer                                   ;
+----------------+-------+--------------------------------------------------+
Note: In order to hide this table in the UI and the text report file, please set the "Show Parameter Settings in Synthesis Report" option in "Analysis and Synthesis Settings -> More Settings" to "Off".


+---------------------------------------------------------------------------+
; Parameter Settings for User Entity Instance: register:REGISTER_BLOCK[6].r ;
+----------------+-------+--------------------------------------------------+
; Parameter Name ; Value ; Type                                             ;
+----------------+-------+--------------------------------------------------+
; N              ; 8     ; Signed Integer                                   ;
+----------------+-------+--------------------------------------------------+
Note: In order to hide this table in the UI and the text report file, please set the "Show Parameter Settings in Synthesis Report" option in "Analysis and Synthesis Settings -> More Settings" to "Off".


+---------------------------------------------------------------------------+
; Parameter Settings for User Entity Instance: register:REGISTER_BLOCK[7].r ;
+----------------+-------+--------------------------------------------------+
; Parameter Name ; Value ; Type                                             ;
+----------------+-------+--------------------------------------------------+
; N              ; 8     ; Signed Integer                                   ;
+----------------+-------+--------------------------------------------------+
Note: In order to hide this table in the UI and the text report file, please set the "Show Parameter Settings in Synthesis Report" option in "Analysis and Synthesis Settings -> More Settings" to "Off".


+---------------------------------------------------------------------------------------------------------------------------------------------------------------------------------------------------------------+
; Port Connectivity Checks: "register:REGISTER_BLOCK[7].r"                                                                                                                                                      ;
+---------+-------+----------+----------------------------------------------------------------------------------------------------------------------------------------------------------------------------------+
; Port    ; Type  ; Severity ; Details                                                                                                                                                                          ;
+---------+-------+----------+----------------------------------------------------------------------------------------------------------------------------------------------------------------------------------+
; data_in ; Input ; Warning  ; Input port expression (9 bits) is wider than the input port (8 bits) it drives.  The 1 most-significant bit(s) in the expression will be dangling if they have no other fanouts. ;
+---------+-------+----------+----------------------------------------------------------------------------------------------------------------------------------------------------------------------------------+


+---------------------------------------------------------------------------------------------------------------------------------------------------------------------------------------------------------------+
; Port Connectivity Checks: "register:REGISTER_BLOCK[6].r"                                                                                                                                                      ;
+---------+-------+----------+----------------------------------------------------------------------------------------------------------------------------------------------------------------------------------+
; Port    ; Type  ; Severity ; Details                                                                                                                                                                          ;
+---------+-------+----------+----------------------------------------------------------------------------------------------------------------------------------------------------------------------------------+
; data_in ; Input ; Warning  ; Input port expression (9 bits) is wider than the input port (8 bits) it drives.  The 1 most-significant bit(s) in the expression will be dangling if they have no other fanouts. ;
+---------+-------+----------+----------------------------------------------------------------------------------------------------------------------------------------------------------------------------------+


+---------------------------------------------------------------------------------------------------------------------------------------------------------------------------------------------------------------+
; Port Connectivity Checks: "register:REGISTER_BLOCK[5].r"                                                                                                                                                      ;
+---------+-------+----------+----------------------------------------------------------------------------------------------------------------------------------------------------------------------------------+
; Port    ; Type  ; Severity ; Details                                                                                                                                                                          ;
+---------+-------+----------+----------------------------------------------------------------------------------------------------------------------------------------------------------------------------------+
; data_in ; Input ; Warning  ; Input port expression (9 bits) is wider than the input port (8 bits) it drives.  The 1 most-significant bit(s) in the expression will be dangling if they have no other fanouts. ;
+---------+-------+----------+----------------------------------------------------------------------------------------------------------------------------------------------------------------------------------+


+---------------------------------------------------------------------------------------------------------------------------------------------------------------------------------------------------------------+
; Port Connectivity Checks: "register:REGISTER_BLOCK[4].r"                                                                                                                                                      ;
+---------+-------+----------+----------------------------------------------------------------------------------------------------------------------------------------------------------------------------------+
; Port    ; Type  ; Severity ; Details                                                                                                                                                                          ;
+---------+-------+----------+----------------------------------------------------------------------------------------------------------------------------------------------------------------------------------+
; data_in ; Input ; Warning  ; Input port expression (9 bits) is wider than the input port (8 bits) it drives.  The 1 most-significant bit(s) in the expression will be dangling if they have no other fanouts. ;
+---------+-------+----------+----------------------------------------------------------------------------------------------------------------------------------------------------------------------------------+


+---------------------------------------------------------------------------------------------------------------------------------------------------------------------------------------------------------------+
; Port Connectivity Checks: "register:REGISTER_BLOCK[3].r"                                                                                                                                                      ;
+---------+-------+----------+----------------------------------------------------------------------------------------------------------------------------------------------------------------------------------+
; Port    ; Type  ; Severity ; Details                                                                                                                                                                          ;
+---------+-------+----------+----------------------------------------------------------------------------------------------------------------------------------------------------------------------------------+
; data_in ; Input ; Warning  ; Input port expression (9 bits) is wider than the input port (8 bits) it drives.  The 1 most-significant bit(s) in the expression will be dangling if they have no other fanouts. ;
+---------+-------+----------+----------------------------------------------------------------------------------------------------------------------------------------------------------------------------------+


+---------------------------------------------------------------------------------------------------------------------------------------------------------------------------------------------------------------+
; Port Connectivity Checks: "register:REGISTER_BLOCK[2].r"                                                                                                                                                      ;
+---------+-------+----------+----------------------------------------------------------------------------------------------------------------------------------------------------------------------------------+
; Port    ; Type  ; Severity ; Details                                                                                                                                                                          ;
+---------+-------+----------+----------------------------------------------------------------------------------------------------------------------------------------------------------------------------------+
; data_in ; Input ; Warning  ; Input port expression (9 bits) is wider than the input port (8 bits) it drives.  The 1 most-significant bit(s) in the expression will be dangling if they have no other fanouts. ;
+---------+-------+----------+----------------------------------------------------------------------------------------------------------------------------------------------------------------------------------+


+---------------------------------------------------------------------------------------------------------------------------------------------------------------------------------------------------------------+
; Port Connectivity Checks: "register:REGISTER_BLOCK[1].r"                                                                                                                                                      ;
+---------+-------+----------+----------------------------------------------------------------------------------------------------------------------------------------------------------------------------------+
; Port    ; Type  ; Severity ; Details                                                                                                                                                                          ;
+---------+-------+----------+----------------------------------------------------------------------------------------------------------------------------------------------------------------------------------+
; data_in ; Input ; Warning  ; Input port expression (9 bits) is wider than the input port (8 bits) it drives.  The 1 most-significant bit(s) in the expression will be dangling if they have no other fanouts. ;
+---------+-------+----------+----------------------------------------------------------------------------------------------------------------------------------------------------------------------------------+


+---------------------------------------------------------------------------------------------------------------------------------------------------------------------------------------------------------------+
; Port Connectivity Checks: "register:REGISTER_BLOCK[0].r"                                                                                                                                                      ;
+---------+-------+----------+----------------------------------------------------------------------------------------------------------------------------------------------------------------------------------+
; Port    ; Type  ; Severity ; Details                                                                                                                                                                          ;
+---------+-------+----------+----------------------------------------------------------------------------------------------------------------------------------------------------------------------------------+
; data_in ; Input ; Warning  ; Input port expression (9 bits) is wider than the input port (8 bits) it drives.  The 1 most-significant bit(s) in the expression will be dangling if they have no other fanouts. ;
+---------+-------+----------+----------------------------------------------------------------------------------------------------------------------------------------------------------------------------------+


+------------------------------------------------------------------------------------------------------------------------------------------------------------------------------------------------------+
; Port Connectivity Checks: "logic_decoder:comb_3"                                                                                                                                                     ;
+----------+--------+----------+-----------------------------------------------------------------------------------------------------------------------------------------------------------------------+
; Port     ; Type   ; Severity ; Details                                                                                                                                                               ;
+----------+--------+----------+-----------------------------------------------------------------------------------------------------------------------------------------------------------------------+
; data_out ; Output ; Warning  ; Output or bidir port (8 bits) is smaller than the port expression (9 bits) it drives.  The 1 most-significant bit(s) in the port expression will be connected to GND. ;
+----------+--------+----------+-----------------------------------------------------------------------------------------------------------------------------------------------------------------------+


+-----------------------------------------------------+
; Post-Synthesis Netlist Statistics for Top Partition ;
+-----------------------+-----------------------------+
; Type                  ; Count                       ;
+-----------------------+-----------------------------+
; arriav_ff             ; 64                          ;
;     CLR               ; 64                          ;
; arriav_lcell_comb     ; 57                          ;
;     extend            ; 16                          ;
;         7 data inputs ; 16                          ;
;     normal            ; 41                          ;
;         0 data inputs ; 1                           ;
;         4 data inputs ; 16                          ;
;         5 data inputs ; 8                           ;
;         6 data inputs ; 16                          ;
; boundary_port         ; 39                          ;
;                       ;                             ;
; Max LUT depth         ; 2.00                        ;
; Average LUT depth     ; 1.64                        ;
+-----------------------+-----------------------------+


+-------------------------------+
; Elapsed Time Per Partition    ;
+----------------+--------------+
; Partition Name ; Elapsed Time ;
+----------------+--------------+
; Top            ; 00:00:01     ;
+----------------+--------------+


+-------------------------------+
; Analysis & Synthesis Messages ;
+-------------------------------+
Info: *******************************************************************
Info: Running Quartus Prime Analysis & Synthesis
    Info: Version 19.1.0 Build 670 09/22/2019 SJ Lite Edition
    Info: Processing started: Fri May 12 13:42:17 2023
Info: Command: quartus_map --read_settings_files=on --write_settings_files=off vectorial_asip -c vectorial_asip
Warning (18236): Number of processors has not been specified which may cause overloading on shared machines.  Set the global assignment NUM_PARALLEL_PROCESSORS in your QSF to an appropriate value for best performance.
Info (20030): Parallel compilation is enabled and will use 4 of the 4 processors detected
Info (12021): Found 1 design units, including 1 entities, in source file decoder/registerfile/scalarregisterfile.sv
    Info (12023): Found entity 1: scalarRegisterFile File: C:/Users/kazeledo/Documentos/Universidad/IS2022/arqui/proyectos/arqui/computer_architecture_vectorial_asip/ASIP/decoder/registerFile/scalarRegisterFile.sv Line: 2
Info (12021): Found 1 design units, including 1 entities, in source file common/memory/instruction_memory/instruction_memory.sv
    Info (12023): Found entity 1: instruction_memory File: C:/Users/kazeledo/Documentos/Universidad/IS2022/arqui/proyectos/arqui/computer_architecture_vectorial_asip/ASIP/common/memory/instruction_memory/instruction_memory.sv Line: 1
Info (12021): Found 1 design units, including 1 entities, in source file common/memory/data_memory/data_memory.sv
    Info (12023): Found entity 1: data_memory File: C:/Users/kazeledo/Documentos/Universidad/IS2022/arqui/proyectos/arqui/computer_architecture_vectorial_asip/ASIP/common/memory/data_memory/data_memory.sv Line: 1
Info (12021): Found 1 design units, including 1 entities, in source file common/register.sv
    Info (12023): Found entity 1: register File: C:/Users/kazeledo/Documentos/Universidad/IS2022/arqui/proyectos/arqui/computer_architecture_vectorial_asip/ASIP/common/register.sv Line: 1
Info (12021): Found 1 design units, including 1 entities, in source file common/pipe.sv
    Info (12023): Found entity 1: pipe File: C:/Users/kazeledo/Documentos/Universidad/IS2022/arqui/proyectos/arqui/computer_architecture_vectorial_asip/ASIP/common/pipe.sv Line: 1
Info (12021): Found 1 design units, including 1 entities, in source file common/decoder.sv
    Info (12023): Found entity 1: logic_decoder File: C:/Users/kazeledo/Documentos/Universidad/IS2022/arqui/proyectos/arqui/computer_architecture_vectorial_asip/ASIP/common/decoder.sv Line: 1
Critical Warning (10846): Verilog HDL Instantiation warning at scalarRegisterFile.sv(19): instance has no name File: C:/Users/kazeledo/Documentos/Universidad/IS2022/arqui/proyectos/arqui/computer_architecture_vectorial_asip/ASIP/decoder/registerFile/scalarRegisterFile.sv Line: 19
Info (12127): Elaborating entity "scalarRegisterFile" for the top level hierarchy
Warning (10027): Verilog HDL or VHDL warning at the scalarRegisterFile.sv(31): index expression is not wide enough to address all of the elements in the array File: C:/Users/kazeledo/Documentos/Universidad/IS2022/arqui/proyectos/arqui/computer_architecture_vectorial_asip/ASIP/decoder/registerFile/scalarRegisterFile.sv Line: 31
Warning (10027): Verilog HDL or VHDL warning at the scalarRegisterFile.sv(32): index expression is not wide enough to address all of the elements in the array File: C:/Users/kazeledo/Documentos/Universidad/IS2022/arqui/proyectos/arqui/computer_architecture_vectorial_asip/ASIP/decoder/registerFile/scalarRegisterFile.sv Line: 32
Info (12128): Elaborating entity "logic_decoder" for hierarchy "logic_decoder:comb_3" File: C:/Users/kazeledo/Documentos/Universidad/IS2022/arqui/proyectos/arqui/computer_architecture_vectorial_asip/ASIP/decoder/registerFile/scalarRegisterFile.sv Line: 19
Info (12128): Elaborating entity "register" for hierarchy "register:REGISTER_BLOCK[0].r" File: C:/Users/kazeledo/Documentos/Universidad/IS2022/arqui/proyectos/arqui/computer_architecture_vectorial_asip/ASIP/decoder/registerFile/scalarRegisterFile.sv Line: 27
Warning (12241): 9 hierarchies have connectivity warnings - see the Connectivity Checks report folder
Warning (13024): Output pins are stuck at VCC or GND
    Warning (13410): Pin "reg1Out[8]" is stuck at GND File: C:/Users/kazeledo/Documentos/Universidad/IS2022/arqui/proyectos/arqui/computer_architecture_vectorial_asip/ASIP/decoder/registerFile/scalarRegisterFile.sv Line: 8
    Warning (13410): Pin "reg2Out[8]" is stuck at GND File: C:/Users/kazeledo/Documentos/Universidad/IS2022/arqui/proyectos/arqui/computer_architecture_vectorial_asip/ASIP/decoder/registerFile/scalarRegisterFile.sv Line: 9
Info (286030): Timing-Driven Synthesis is running
Info (16010): Generating hard_block partition "hard_block:auto_generated_inst"
    Info (16011): Adding 0 node(s), including 0 DDIO, 0 PLL, 0 transceiver and 0 LCELL
Warning (21074): Design contains 1 input pin(s) that do not drive logic
    Warning (15610): No output dependent on input pin "dataIn[8]" File: C:/Users/kazeledo/Documentos/Universidad/IS2022/arqui/proyectos/arqui/computer_architecture_vectorial_asip/ASIP/decoder/registerFile/scalarRegisterFile.sv Line: 7
Info (21057): Implemented 159 device resources after synthesis - the final resource count might be different
    Info (21058): Implemented 21 input pins
    Info (21059): Implemented 18 output pins
    Info (21061): Implemented 120 logic cells
Info: Quartus Prime Analysis & Synthesis was successful. 0 errors, 10 warnings
    Info: Peak virtual memory: 4807 megabytes
    Info: Processing ended: Fri May 12 13:42:36 2023
    Info: Elapsed time: 00:00:19
    Info: Total CPU time (on all processors): 00:00:45


